<?xml version="1.0" encoding="UTF-8"?>
<testsuite xmlns:xsi="http://www.w3.org/2001/XMLSchema-instance" xsi:noNamespaceSchemaLocation="https://maven.apache.org/surefire/maven-surefire-plugin/xsd/surefire-test-report-3.0.xsd" version="3.0" name="com.tall.ecommerce.CustomerApplicationTests" time="19.419" tests="1" errors="0" skipped="0" failures="0">
  <properties>
    <property name="java.specification.version" value="17"/>
    <property name="sun.cpu.isalist" value="amd64"/>
    <property name="sun.jnu.encoding" value="Cp1252"/>
    <property name="java.class.path" value="C:\Users\talla\Music\formation kubernestes\ahmad\Fullmicroservice\E-commerce-app\services\customer\target\test-classes;C:\Users\talla\Music\formation kubernestes\ahmad\Fullmicroservice\E-commerce-app\services\customer\target\classes;C:\Users\talla\.m2\repository\org\springframework\boot\spring-boot-starter-data-mongodb\3.2.7\spring-boot-starter-data-mongodb-3.2.7.jar;C:\Users\talla\.m2\repository\org\springframework\boot\spring-boot-starter\3.2.7\spring-boot-starter-3.2.7.jar;C:\Users\talla\.m2\repository\org\springframework\boot\spring-boot\3.2.7\spring-boot-3.2.7.jar;C:\Users\talla\.m2\repository\org\springframework\boot\spring-boot-autoconfigure\3.2.7\spring-boot-autoconfigure-3.2.7.jar;C:\Users\talla\.m2\repository\org\springframework\boot\spring-boot-starter-logging\3.2.7\spring-boot-starter-logging-3.2.7.jar;C:\Users\talla\.m2\repository\ch\qos\logback\logback-classic\1.4.14\logback-classic-1.4.14.jar;C:\Users\talla\.m2\repository\ch\qos\logback\logback-core\1.4.14\logback-core-1.4.14.jar;C:\Users\talla\.m2\repository\org\apache\logging\log4j\log4j-to-slf4j\2.21.1\log4j-to-slf4j-2.21.1.jar;C:\Users\talla\.m2\repository\org\apache\logging\log4j\log4j-api\2.21.1\log4j-api-2.21.1.jar;C:\Users\talla\.m2\repository\org\slf4j\jul-to-slf4j\2.0.13\jul-to-slf4j-2.0.13.jar;C:\Users\talla\.m2\repository\jakarta\annotation\jakarta.annotation-api\2.1.1\jakarta.annotation-api-2.1.1.jar;C:\Users\talla\.m2\repository\org\yaml\snakeyaml\2.2\snakeyaml-2.2.jar;C:\Users\talla\.m2\repository\org\mongodb\mongodb-driver-sync\4.11.2\mongodb-driver-sync-4.11.2.jar;C:\Users\talla\.m2\repository\org\mongodb\bson\4.11.2\bson-4.11.2.jar;C:\Users\talla\.m2\repository\org\mongodb\mongodb-driver-core\4.11.2\mongodb-driver-core-4.11.2.jar;C:\Users\talla\.m2\repository\org\mongodb\bson-record-codec\4.11.2\bson-record-codec-4.11.2.jar;C:\Users\talla\.m2\repository\org\springframework\data\spring-data-mongodb\4.2.7\spring-data-mongodb-4.2.7.jar;C:\Users\talla\.m2\repository\org\springframework\spring-tx\6.1.10\spring-tx-6.1.10.jar;C:\Users\talla\.m2\repository\org\springframework\spring-context\6.1.10\spring-context-6.1.10.jar;C:\Users\talla\.m2\repository\org\springframework\spring-beans\6.1.10\spring-beans-6.1.10.jar;C:\Users\talla\.m2\repository\org\springframework\spring-expression\6.1.10\spring-expression-6.1.10.jar;C:\Users\talla\.m2\repository\org\springframework\data\spring-data-commons\3.2.7\spring-data-commons-3.2.7.jar;C:\Users\talla\.m2\repository\org\slf4j\slf4j-api\2.0.13\slf4j-api-2.0.13.jar;C:\Users\talla\.m2\repository\org\springframework\boot\spring-boot-starter-validation\3.2.7\spring-boot-starter-validation-3.2.7.jar;C:\Users\talla\.m2\repository\org\apache\tomcat\embed\tomcat-embed-el\10.1.25\tomcat-embed-el-10.1.25.jar;C:\Users\talla\.m2\repository\org\hibernate\validator\hibernate-validator\8.0.1.Final\hibernate-validator-8.0.1.Final.jar;C:\Users\talla\.m2\repository\jakarta\validation\jakarta.validation-api\3.0.2\jakarta.validation-api-3.0.2.jar;C:\Users\talla\.m2\repository\org\jboss\logging\jboss-logging\3.5.3.Final\jboss-logging-3.5.3.Final.jar;C:\Users\talla\.m2\repository\com\fasterxml\classmate\1.6.0\classmate-1.6.0.jar;C:\Users\talla\.m2\repository\org\springframework\cloud\spring-cloud-starter-config\4.1.2\spring-cloud-starter-config-4.1.2.jar;C:\Users\talla\.m2\repository\org\springframework\cloud\spring-cloud-starter\4.1.3\spring-cloud-starter-4.1.3.jar;C:\Users\talla\.m2\repository\org\springframework\cloud\spring-cloud-context\4.1.3\spring-cloud-context-4.1.3.jar;C:\Users\talla\.m2\repository\org\springframework\security\spring-security-crypto\6.2.5\spring-security-crypto-6.2.5.jar;C:\Users\talla\.m2\repository\org\springframework\cloud\spring-cloud-commons\4.1.3\spring-cloud-commons-4.1.3.jar;C:\Users\talla\.m2\repository\org\springframework\security\spring-security-rsa\1.1.3\spring-security-rsa-1.1.3.jar;C:\Users\talla\.m2\repository\org\bouncycastle\bcprov-jdk18on\1.78\bcprov-jdk18on-1.78.jar;C:\Users\talla\.m2\repository\org\springframework\cloud\spring-cloud-config-client\4.1.2\spring-cloud-config-client-4.1.2.jar;C:\Users\talla\.m2\repository\com\fasterxml\jackson\core\jackson-annotations\2.15.4\jackson-annotations-2.15.4.jar;C:\Users\talla\.m2\repository\org\apache\httpcomponents\client5\httpclient5\5.2.3\httpclient5-5.2.3.jar;C:\Users\talla\.m2\repository\org\apache\httpcomponents\core5\httpcore5\5.2.4\httpcore5-5.2.4.jar;C:\Users\talla\.m2\repository\org\apache\httpcomponents\core5\httpcore5-h2\5.2.4\httpcore5-h2-5.2.4.jar;C:\Users\talla\.m2\repository\com\fasterxml\jackson\core\jackson-databind\2.15.4\jackson-databind-2.15.4.jar;C:\Users\talla\.m2\repository\com\fasterxml\jackson\core\jackson-core\2.15.4\jackson-core-2.15.4.jar;C:\Users\talla\.m2\repository\org\springframework\cloud\spring-cloud-starter-netflix-eureka-client\4.1.2\spring-cloud-starter-netflix-eureka-client-4.1.2.jar;C:\Users\talla\.m2\repository\org\springframework\cloud\spring-cloud-netflix-eureka-client\4.1.2\spring-cloud-netflix-eureka-client-4.1.2.jar;C:\Users\talla\.m2\repository\com\netflix\eureka\eureka-client\2.0.2\eureka-client-2.0.2.jar;C:\Users\talla\.m2\repository\com\netflix\netflix-commons\netflix-eventbus\0.3.0\netflix-eventbus-0.3.0.jar;C:\Users\talla\.m2\repository\com\netflix\netflix-commons\netflix-infix\0.3.0\netflix-infix-0.3.0.jar;C:\Users\talla\.m2\repository\commons-jxpath\commons-jxpath\1.3\commons-jxpath-1.3.jar;C:\Users\talla\.m2\repository\joda-time\joda-time\2.3\joda-time-2.3.jar;C:\Users\talla\.m2\repository\org\antlr\antlr-runtime\3.4\antlr-runtime-3.4.jar;C:\Users\talla\.m2\repository\org\antlr\stringtemplate\3.2.1\stringtemplate-3.2.1.jar;C:\Users\talla\.m2\repository\antlr\antlr\2.7.7\antlr-2.7.7.jar;C:\Users\talla\.m2\repository\com\google\code\gson\gson\2.10.1\gson-2.10.1.jar;C:\Users\talla\.m2\repository\org\apache\commons\commons-math\2.2\commons-math-2.2.jar;C:\Users\talla\.m2\repository\com\thoughtworks\xstream\xstream\1.4.19\xstream-1.4.19.jar;C:\Users\talla\.m2\repository\io\github\x-stream\mxparser\1.2.2\mxparser-1.2.2.jar;C:\Users\talla\.m2\repository\xmlpull\xmlpull\1.1.3.1\xmlpull-1.1.3.1.jar;C:\Users\talla\.m2\repository\jakarta\ws\rs\jakarta.ws.rs-api\3.1.0\jakarta.ws.rs-api-3.1.0.jar;C:\Users\talla\.m2\repository\jakarta\inject\jakarta.inject-api\2.0.1\jakarta.inject-api-2.0.1.jar;C:\Users\talla\.m2\repository\com\netflix\servo\servo-core\0.12.21\servo-core-0.12.21.jar;C:\Users\talla\.m2\repository\com\google\guava\guava\19.0\guava-19.0.jar;C:\Users\talla\.m2\repository\org\apache\httpcomponents\httpclient\4.5.3\httpclient-4.5.3.jar;C:\Users\talla\.m2\repository\org\apache\httpcomponents\httpcore\4.4.16\httpcore-4.4.16.jar;C:\Users\talla\.m2\repository\commons-codec\commons-codec\1.16.1\commons-codec-1.16.1.jar;C:\Users\talla\.m2\repository\commons-configuration\commons-configuration\1.10\commons-configuration-1.10.jar;C:\Users\talla\.m2\repository\commons-lang\commons-lang\2.6\commons-lang-2.6.jar;C:\Users\talla\.m2\repository\org\codehaus\jettison\jettison\1.5.4\jettison-1.5.4.jar;C:\Users\talla\.m2\repository\com\netflix\eureka\eureka-core\2.0.2\eureka-core-2.0.2.jar;C:\Users\talla\.m2\repository\com\fasterxml\woodstox\woodstox-core\6.2.1\woodstox-core-6.2.1.jar;C:\Users\talla\.m2\repository\org\codehaus\woodstox\stax2-api\4.2.1\stax2-api-4.2.1.jar;C:\Users\talla\.m2\repository\org\springframework\cloud\spring-cloud-starter-loadbalancer\4.1.3\spring-cloud-starter-loadbalancer-4.1.3.jar;C:\Users\talla\.m2\repository\org\springframework\cloud\spring-cloud-loadbalancer\4.1.3\spring-cloud-loadbalancer-4.1.3.jar;C:\Users\talla\.m2\repository\io\projectreactor\reactor-core\3.6.7\reactor-core-3.6.7.jar;C:\Users\talla\.m2\repository\org\reactivestreams\reactive-streams\1.0.4\reactive-streams-1.0.4.jar;C:\Users\talla\.m2\repository\io\projectreactor\addons\reactor-extra\3.5.1\reactor-extra-3.5.1.jar;C:\Users\talla\.m2\repository\org\springframework\boot\spring-boot-starter-cache\3.2.7\spring-boot-starter-cache-3.2.7.jar;C:\Users\talla\.m2\repository\org\springframework\spring-context-support\6.1.10\spring-context-support-6.1.10.jar;C:\Users\talla\.m2\repository\com\stoyanr\evictor\1.0.0\evictor-1.0.0.jar;C:\Users\talla\.m2\repository\org\springframework\boot\spring-boot-starter-web\3.2.7\spring-boot-starter-web-3.2.7.jar;C:\Users\talla\.m2\repository\org\springframework\boot\spring-boot-starter-json\3.2.7\spring-boot-starter-json-3.2.7.jar;C:\Users\talla\.m2\repository\com\fasterxml\jackson\datatype\jackson-datatype-jdk8\2.15.4\jackson-datatype-jdk8-2.15.4.jar;C:\Users\talla\.m2\repository\com\fasterxml\jackson\datatype\jackson-datatype-jsr310\2.15.4\jackson-datatype-jsr310-2.15.4.jar;C:\Users\talla\.m2\repository\com\fasterxml\jackson\module\jackson-module-parameter-names\2.15.4\jackson-module-parameter-names-2.15.4.jar;C:\Users\talla\.m2\repository\org\springframework\boot\spring-boot-starter-tomcat\3.2.7\spring-boot-starter-tomcat-3.2.7.jar;C:\Users\talla\.m2\repository\org\apache\tomcat\embed\tomcat-embed-core\10.1.25\tomcat-embed-core-10.1.25.jar;C:\Users\talla\.m2\repository\org\apache\tomcat\embed\tomcat-embed-websocket\10.1.25\tomcat-embed-websocket-10.1.25.jar;C:\Users\talla\.m2\repository\org\springframework\spring-web\6.1.10\spring-web-6.1.10.jar;C:\Users\talla\.m2\repository\io\micrometer\micrometer-observation\1.12.7\micrometer-observation-1.12.7.jar;C:\Users\talla\.m2\repository\io\micrometer\micrometer-commons\1.12.7\micrometer-commons-1.12.7.jar;C:\Users\talla\.m2\repository\org\springframework\spring-webmvc\6.1.10\spring-webmvc-6.1.10.jar;C:\Users\talla\.m2\repository\org\springframework\spring-aop\6.1.10\spring-aop-6.1.10.jar;C:\Users\talla\.m2\repository\org\projectlombok\lombok\1.18.32\lombok-1.18.32.jar;C:\Users\talla\.m2\repository\org\springframework\boot\spring-boot-starter-test\3.2.7\spring-boot-starter-test-3.2.7.jar;C:\Users\talla\.m2\repository\org\springframework\boot\spring-boot-test\3.2.7\spring-boot-test-3.2.7.jar;C:\Users\talla\.m2\repository\org\springframework\boot\spring-boot-test-autoconfigure\3.2.7\spring-boot-test-autoconfigure-3.2.7.jar;C:\Users\talla\.m2\repository\com\jayway\jsonpath\json-path\2.9.0\json-path-2.9.0.jar;C:\Users\talla\.m2\repository\jakarta\xml\bind\jakarta.xml.bind-api\4.0.2\jakarta.xml.bind-api-4.0.2.jar;C:\Users\talla\.m2\repository\jakarta\activation\jakarta.activation-api\2.1.3\jakarta.activation-api-2.1.3.jar;C:\Users\talla\.m2\repository\net\minidev\json-smart\2.5.1\json-smart-2.5.1.jar;C:\Users\talla\.m2\repository\net\minidev\accessors-smart\2.5.1\accessors-smart-2.5.1.jar;C:\Users\talla\.m2\repository\org\ow2\asm\asm\9.6\asm-9.6.jar;C:\Users\talla\.m2\repository\org\assertj\assertj-core\3.24.2\assertj-core-3.24.2.jar;C:\Users\talla\.m2\repository\net\bytebuddy\byte-buddy\1.14.17\byte-buddy-1.14.17.jar;C:\Users\talla\.m2\repository\org\awaitility\awaitility\4.2.1\awaitility-4.2.1.jar;C:\Users\talla\.m2\repository\org\hamcrest\hamcrest\2.2\hamcrest-2.2.jar;C:\Users\talla\.m2\repository\org\junit\jupiter\junit-jupiter\5.10.2\junit-jupiter-5.10.2.jar;C:\Users\talla\.m2\repository\org\junit\jupiter\junit-jupiter-api\5.10.2\junit-jupiter-api-5.10.2.jar;C:\Users\talla\.m2\repository\org\opentest4j\opentest4j\1.3.0\opentest4j-1.3.0.jar;C:\Users\talla\.m2\repository\org\junit\platform\junit-platform-commons\1.10.2\junit-platform-commons-1.10.2.jar;C:\Users\talla\.m2\repository\org\apiguardian\apiguardian-api\1.1.2\apiguardian-api-1.1.2.jar;C:\Users\talla\.m2\repository\org\junit\jupiter\junit-jupiter-params\5.10.2\junit-jupiter-params-5.10.2.jar;C:\Users\talla\.m2\repository\org\junit\jupiter\junit-jupiter-engine\5.10.2\junit-jupiter-engine-5.10.2.jar;C:\Users\talla\.m2\repository\org\junit\platform\junit-platform-engine\1.10.2\junit-platform-engine-1.10.2.jar;C:\Users\talla\.m2\repository\org\mockito\mockito-core\5.7.0\mockito-core-5.7.0.jar;C:\Users\talla\.m2\repository\net\bytebuddy\byte-buddy-agent\1.14.17\byte-buddy-agent-1.14.17.jar;C:\Users\talla\.m2\repository\org\objenesis\objenesis\3.3\objenesis-3.3.jar;C:\Users\talla\.m2\repository\org\mockito\mockito-junit-jupiter\5.7.0\mockito-junit-jupiter-5.7.0.jar;C:\Users\talla\.m2\repository\org\skyscreamer\jsonassert\1.5.1\jsonassert-1.5.1.jar;C:\Users\talla\.m2\repository\com\vaadin\external\google\android-json\0.0.20131108.vaadin1\android-json-0.0.20131108.vaadin1.jar;C:\Users\talla\.m2\repository\org\springframework\spring-core\6.1.10\spring-core-6.1.10.jar;C:\Users\talla\.m2\repository\org\springframework\spring-jcl\6.1.10\spring-jcl-6.1.10.jar;C:\Users\talla\.m2\repository\org\springframework\spring-test\6.1.10\spring-test-6.1.10.jar;C:\Users\talla\.m2\repository\org\xmlunit\xmlunit-core\2.9.1\xmlunit-core-2.9.1.jar;"/>
    <property name="java.vm.vendor" value="Eclipse Adoptium"/>
    <property name="sun.arch.data.model" value="64"/>
    <property name="user.variant" value=""/>
    <property name="java.vendor.url" value="https://adoptium.net/"/>
    <property name="user.timezone" value="Etc/UTC"/>
    <property name="org.jboss.logging.provider" value="slf4j"/>
    <property name="os.name" value="Windows 11"/>
    <property name="java.vm.specification.version" value="17"/>
    <property name="sun.java.launcher" value="SUN_STANDARD"/>
    <property name="user.country" value="SN"/>
    <property name="sun.boot.library.path" value="C:\Program Files\Eclipse Adoptium\jdk-17.0.4.101-hotspot\bin"/>
    <property name="sun.java.command" value="C:\Users\talla\AppData\Local\Temp\surefire18240302445800424859\surefirebooter-20241027204815487_3.jar C:\Users\talla\AppData\Local\Temp\surefire18240302445800424859 2024-10-27T20-48-10_820-jvmRun1 surefire-20241027204815487_1tmp surefire_0-20241027204815487_2tmp"/>
    <property name="jdk.debug" value="release"/>
    <property name="surefire.test.class.path" value="C:\Users\talla\Music\formation kubernestes\ahmad\Fullmicroservice\E-commerce-app\services\customer\target\test-classes;C:\Users\talla\Music\formation kubernestes\ahmad\Fullmicroservice\E-commerce-app\services\customer\target\classes;C:\Users\talla\.m2\repository\org\springframework\boot\spring-boot-starter-data-mongodb\3.2.7\spring-boot-starter-data-mongodb-3.2.7.jar;C:\Users\talla\.m2\repository\org\springframework\boot\spring-boot-starter\3.2.7\spring-boot-starter-3.2.7.jar;C:\Users\talla\.m2\repository\org\springframework\boot\spring-boot\3.2.7\spring-boot-3.2.7.jar;C:\Users\talla\.m2\repository\org\springframework\boot\spring-boot-autoconfigure\3.2.7\spring-boot-autoconfigure-3.2.7.jar;C:\Users\talla\.m2\repository\org\springframework\boot\spring-boot-starter-logging\3.2.7\spring-boot-starter-logging-3.2.7.jar;C:\Users\talla\.m2\repository\ch\qos\logback\logback-classic\1.4.14\logback-classic-1.4.14.jar;C:\Users\talla\.m2\repository\ch\qos\logback\logback-core\1.4.14\logback-core-1.4.14.jar;C:\Users\talla\.m2\repository\org\apache\logging\log4j\log4j-to-slf4j\2.21.1\log4j-to-slf4j-2.21.1.jar;C:\Users\talla\.m2\repository\org\apache\logging\log4j\log4j-api\2.21.1\log4j-api-2.21.1.jar;C:\Users\talla\.m2\repository\org\slf4j\jul-to-slf4j\2.0.13\jul-to-slf4j-2.0.13.jar;C:\Users\talla\.m2\repository\jakarta\annotation\jakarta.annotation-api\2.1.1\jakarta.annotation-api-2.1.1.jar;C:\Users\talla\.m2\repository\org\yaml\snakeyaml\2.2\snakeyaml-2.2.jar;C:\Users\talla\.m2\repository\org\mongodb\mongodb-driver-sync\4.11.2\mongodb-driver-sync-4.11.2.jar;C:\Users\talla\.m2\repository\org\mongodb\bson\4.11.2\bson-4.11.2.jar;C:\Users\talla\.m2\repository\org\mongodb\mongodb-driver-core\4.11.2\mongodb-driver-core-4.11.2.jar;C:\Users\talla\.m2\repository\org\mongodb\bson-record-codec\4.11.2\bson-record-codec-4.11.2.jar;C:\Users\talla\.m2\repository\org\springframework\data\spring-data-mongodb\4.2.7\spring-data-mongodb-4.2.7.jar;C:\Users\talla\.m2\repository\org\springframework\spring-tx\6.1.10\spring-tx-6.1.10.jar;C:\Users\talla\.m2\repository\org\springframework\spring-context\6.1.10\spring-context-6.1.10.jar;C:\Users\talla\.m2\repository\org\springframework\spring-beans\6.1.10\spring-beans-6.1.10.jar;C:\Users\talla\.m2\repository\org\springframework\spring-expression\6.1.10\spring-expression-6.1.10.jar;C:\Users\talla\.m2\repository\org\springframework\data\spring-data-commons\3.2.7\spring-data-commons-3.2.7.jar;C:\Users\talla\.m2\repository\org\slf4j\slf4j-api\2.0.13\slf4j-api-2.0.13.jar;C:\Users\talla\.m2\repository\org\springframework\boot\spring-boot-starter-validation\3.2.7\spring-boot-starter-validation-3.2.7.jar;C:\Users\talla\.m2\repository\org\apache\tomcat\embed\tomcat-embed-el\10.1.25\tomcat-embed-el-10.1.25.jar;C:\Users\talla\.m2\repository\org\hibernate\validator\hibernate-validator\8.0.1.Final\hibernate-validator-8.0.1.Final.jar;C:\Users\talla\.m2\repository\jakarta\validation\jakarta.validation-api\3.0.2\jakarta.validation-api-3.0.2.jar;C:\Users\talla\.m2\repository\org\jboss\logging\jboss-logging\3.5.3.Final\jboss-logging-3.5.3.Final.jar;C:\Users\talla\.m2\repository\com\fasterxml\classmate\1.6.0\classmate-1.6.0.jar;C:\Users\talla\.m2\repository\org\springframework\cloud\spring-cloud-starter-config\4.1.2\spring-cloud-starter-config-4.1.2.jar;C:\Users\talla\.m2\repository\org\springframework\cloud\spring-cloud-starter\4.1.3\spring-cloud-starter-4.1.3.jar;C:\Users\talla\.m2\repository\org\springframework\cloud\spring-cloud-context\4.1.3\spring-cloud-context-4.1.3.jar;C:\Users\talla\.m2\repository\org\springframework\security\spring-security-crypto\6.2.5\spring-security-crypto-6.2.5.jar;C:\Users\talla\.m2\repository\org\springframework\cloud\spring-cloud-commons\4.1.3\spring-cloud-commons-4.1.3.jar;C:\Users\talla\.m2\repository\org\springframework\security\spring-security-rsa\1.1.3\spring-security-rsa-1.1.3.jar;C:\Users\talla\.m2\repository\org\bouncycastle\bcprov-jdk18on\1.78\bcprov-jdk18on-1.78.jar;C:\Users\talla\.m2\repository\org\springframework\cloud\spring-cloud-config-client\4.1.2\spring-cloud-config-client-4.1.2.jar;C:\Users\talla\.m2\repository\com\fasterxml\jackson\core\jackson-annotations\2.15.4\jackson-annotations-2.15.4.jar;C:\Users\talla\.m2\repository\org\apache\httpcomponents\client5\httpclient5\5.2.3\httpclient5-5.2.3.jar;C:\Users\talla\.m2\repository\org\apache\httpcomponents\core5\httpcore5\5.2.4\httpcore5-5.2.4.jar;C:\Users\talla\.m2\repository\org\apache\httpcomponents\core5\httpcore5-h2\5.2.4\httpcore5-h2-5.2.4.jar;C:\Users\talla\.m2\repository\com\fasterxml\jackson\core\jackson-databind\2.15.4\jackson-databind-2.15.4.jar;C:\Users\talla\.m2\repository\com\fasterxml\jackson\core\jackson-core\2.15.4\jackson-core-2.15.4.jar;C:\Users\talla\.m2\repository\org\springframework\cloud\spring-cloud-starter-netflix-eureka-client\4.1.2\spring-cloud-starter-netflix-eureka-client-4.1.2.jar;C:\Users\talla\.m2\repository\org\springframework\cloud\spring-cloud-netflix-eureka-client\4.1.2\spring-cloud-netflix-eureka-client-4.1.2.jar;C:\Users\talla\.m2\repository\com\netflix\eureka\eureka-client\2.0.2\eureka-client-2.0.2.jar;C:\Users\talla\.m2\repository\com\netflix\netflix-commons\netflix-eventbus\0.3.0\netflix-eventbus-0.3.0.jar;C:\Users\talla\.m2\repository\com\netflix\netflix-commons\netflix-infix\0.3.0\netflix-infix-0.3.0.jar;C:\Users\talla\.m2\repository\commons-jxpath\commons-jxpath\1.3\commons-jxpath-1.3.jar;C:\Users\talla\.m2\repository\joda-time\joda-time\2.3\joda-time-2.3.jar;C:\Users\talla\.m2\repository\org\antlr\antlr-runtime\3.4\antlr-runtime-3.4.jar;C:\Users\talla\.m2\repository\org\antlr\stringtemplate\3.2.1\stringtemplate-3.2.1.jar;C:\Users\talla\.m2\repository\antlr\antlr\2.7.7\antlr-2.7.7.jar;C:\Users\talla\.m2\repository\com\google\code\gson\gson\2.10.1\gson-2.10.1.jar;C:\Users\talla\.m2\repository\org\apache\commons\commons-math\2.2\commons-math-2.2.jar;C:\Users\talla\.m2\repository\com\thoughtworks\xstream\xstream\1.4.19\xstream-1.4.19.jar;C:\Users\talla\.m2\repository\io\github\x-stream\mxparser\1.2.2\mxparser-1.2.2.jar;C:\Users\talla\.m2\repository\xmlpull\xmlpull\1.1.3.1\xmlpull-1.1.3.1.jar;C:\Users\talla\.m2\repository\jakarta\ws\rs\jakarta.ws.rs-api\3.1.0\jakarta.ws.rs-api-3.1.0.jar;C:\Users\talla\.m2\repository\jakarta\inject\jakarta.inject-api\2.0.1\jakarta.inject-api-2.0.1.jar;C:\Users\talla\.m2\repository\com\netflix\servo\servo-core\0.12.21\servo-core-0.12.21.jar;C:\Users\talla\.m2\repository\com\google\guava\guava\19.0\guava-19.0.jar;C:\Users\talla\.m2\repository\org\apache\httpcomponents\httpclient\4.5.3\httpclient-4.5.3.jar;C:\Users\talla\.m2\repository\org\apache\httpcomponents\httpcore\4.4.16\httpcore-4.4.16.jar;C:\Users\talla\.m2\repository\commons-codec\commons-codec\1.16.1\commons-codec-1.16.1.jar;C:\Users\talla\.m2\repository\commons-configuration\commons-configuration\1.10\commons-configuration-1.10.jar;C:\Users\talla\.m2\repository\commons-lang\commons-lang\2.6\commons-lang-2.6.jar;C:\Users\talla\.m2\repository\org\codehaus\jettison\jettison\1.5.4\jettison-1.5.4.jar;C:\Users\talla\.m2\repository\com\netflix\eureka\eureka-core\2.0.2\eureka-core-2.0.2.jar;C:\Users\talla\.m2\repository\com\fasterxml\woodstox\woodstox-core\6.2.1\woodstox-core-6.2.1.jar;C:\Users\talla\.m2\repository\org\codehaus\woodstox\stax2-api\4.2.1\stax2-api-4.2.1.jar;C:\Users\talla\.m2\repository\org\springframework\cloud\spring-cloud-starter-loadbalancer\4.1.3\spring-cloud-starter-loadbalancer-4.1.3.jar;C:\Users\talla\.m2\repository\org\springframework\cloud\spring-cloud-loadbalancer\4.1.3\spring-cloud-loadbalancer-4.1.3.jar;C:\Users\talla\.m2\repository\io\projectreactor\reactor-core\3.6.7\reactor-core-3.6.7.jar;C:\Users\talla\.m2\repository\org\reactivestreams\reactive-streams\1.0.4\reactive-streams-1.0.4.jar;C:\Users\talla\.m2\repository\io\projectreactor\addons\reactor-extra\3.5.1\reactor-extra-3.5.1.jar;C:\Users\talla\.m2\repository\org\springframework\boot\spring-boot-starter-cache\3.2.7\spring-boot-starter-cache-3.2.7.jar;C:\Users\talla\.m2\repository\org\springframework\spring-context-support\6.1.10\spring-context-support-6.1.10.jar;C:\Users\talla\.m2\repository\com\stoyanr\evictor\1.0.0\evictor-1.0.0.jar;C:\Users\talla\.m2\repository\org\springframework\boot\spring-boot-starter-web\3.2.7\spring-boot-starter-web-3.2.7.jar;C:\Users\talla\.m2\repository\org\springframework\boot\spring-boot-starter-json\3.2.7\spring-boot-starter-json-3.2.7.jar;C:\Users\talla\.m2\repository\com\fasterxml\jackson\datatype\jackson-datatype-jdk8\2.15.4\jackson-datatype-jdk8-2.15.4.jar;C:\Users\talla\.m2\repository\com\fasterxml\jackson\datatype\jackson-datatype-jsr310\2.15.4\jackson-datatype-jsr310-2.15.4.jar;C:\Users\talla\.m2\repository\com\fasterxml\jackson\module\jackson-module-parameter-names\2.15.4\jackson-module-parameter-names-2.15.4.jar;C:\Users\talla\.m2\repository\org\springframework\boot\spring-boot-starter-tomcat\3.2.7\spring-boot-starter-tomcat-3.2.7.jar;C:\Users\talla\.m2\repository\org\apache\tomcat\embed\tomcat-embed-core\10.1.25\tomcat-embed-core-10.1.25.jar;C:\Users\talla\.m2\repository\org\apache\tomcat\embed\tomcat-embed-websocket\10.1.25\tomcat-embed-websocket-10.1.25.jar;C:\Users\talla\.m2\repository\org\springframework\spring-web\6.1.10\spring-web-6.1.10.jar;C:\Users\talla\.m2\repository\io\micrometer\micrometer-observation\1.12.7\micrometer-observation-1.12.7.jar;C:\Users\talla\.m2\repository\io\micrometer\micrometer-commons\1.12.7\micrometer-commons-1.12.7.jar;C:\Users\talla\.m2\repository\org\springframework\spring-webmvc\6.1.10\spring-webmvc-6.1.10.jar;C:\Users\talla\.m2\repository\org\springframework\spring-aop\6.1.10\spring-aop-6.1.10.jar;C:\Users\talla\.m2\repository\org\projectlombok\lombok\1.18.32\lombok-1.18.32.jar;C:\Users\talla\.m2\repository\org\springframework\boot\spring-boot-starter-test\3.2.7\spring-boot-starter-test-3.2.7.jar;C:\Users\talla\.m2\repository\org\springframework\boot\spring-boot-test\3.2.7\spring-boot-test-3.2.7.jar;C:\Users\talla\.m2\repository\org\springframework\boot\spring-boot-test-autoconfigure\3.2.7\spring-boot-test-autoconfigure-3.2.7.jar;C:\Users\talla\.m2\repository\com\jayway\jsonpath\json-path\2.9.0\json-path-2.9.0.jar;C:\Users\talla\.m2\repository\jakarta\xml\bind\jakarta.xml.bind-api\4.0.2\jakarta.xml.bind-api-4.0.2.jar;C:\Users\talla\.m2\repository\jakarta\activation\jakarta.activation-api\2.1.3\jakarta.activation-api-2.1.3.jar;C:\Users\talla\.m2\repository\net\minidev\json-smart\2.5.1\json-smart-2.5.1.jar;C:\Users\talla\.m2\repository\net\minidev\accessors-smart\2.5.1\accessors-smart-2.5.1.jar;C:\Users\talla\.m2\repository\org\ow2\asm\asm\9.6\asm-9.6.jar;C:\Users\talla\.m2\repository\org\assertj\assertj-core\3.24.2\assertj-core-3.24.2.jar;C:\Users\talla\.m2\repository\net\bytebuddy\byte-buddy\1.14.17\byte-buddy-1.14.17.jar;C:\Users\talla\.m2\repository\org\awaitility\awaitility\4.2.1\awaitility-4.2.1.jar;C:\Users\talla\.m2\repository\org\hamcrest\hamcrest\2.2\hamcrest-2.2.jar;C:\Users\talla\.m2\repository\org\junit\jupiter\junit-jupiter\5.10.2\junit-jupiter-5.10.2.jar;C:\Users\talla\.m2\repository\org\junit\jupiter\junit-jupiter-api\5.10.2\junit-jupiter-api-5.10.2.jar;C:\Users\talla\.m2\repository\org\opentest4j\opentest4j\1.3.0\opentest4j-1.3.0.jar;C:\Users\talla\.m2\repository\org\junit\platform\junit-platform-commons\1.10.2\junit-platform-commons-1.10.2.jar;C:\Users\talla\.m2\repository\org\apiguardian\apiguardian-api\1.1.2\apiguardian-api-1.1.2.jar;C:\Users\talla\.m2\repository\org\junit\jupiter\junit-jupiter-params\5.10.2\junit-jupiter-params-5.10.2.jar;C:\Users\talla\.m2\repository\org\junit\jupiter\junit-jupiter-engine\5.10.2\junit-jupiter-engine-5.10.2.jar;C:\Users\talla\.m2\repository\org\junit\platform\junit-platform-engine\1.10.2\junit-platform-engine-1.10.2.jar;C:\Users\talla\.m2\repository\org\mockito\mockito-core\5.7.0\mockito-core-5.7.0.jar;C:\Users\talla\.m2\repository\net\bytebuddy\byte-buddy-agent\1.14.17\byte-buddy-agent-1.14.17.jar;C:\Users\talla\.m2\repository\org\objenesis\objenesis\3.3\objenesis-3.3.jar;C:\Users\talla\.m2\repository\org\mockito\mockito-junit-jupiter\5.7.0\mockito-junit-jupiter-5.7.0.jar;C:\Users\talla\.m2\repository\org\skyscreamer\jsonassert\1.5.1\jsonassert-1.5.1.jar;C:\Users\talla\.m2\repository\com\vaadin\external\google\android-json\0.0.20131108.vaadin1\android-json-0.0.20131108.vaadin1.jar;C:\Users\talla\.m2\repository\org\springframework\spring-core\6.1.10\spring-core-6.1.10.jar;C:\Users\talla\.m2\repository\org\springframework\spring-jcl\6.1.10\spring-jcl-6.1.10.jar;C:\Users\talla\.m2\repository\org\springframework\spring-test\6.1.10\spring-test-6.1.10.jar;C:\Users\talla\.m2\repository\org\xmlunit\xmlunit-core\2.9.1\xmlunit-core-2.9.1.jar;"/>
    <property name="sun.cpu.endian" value="little"/>
    <property name="user.home" value="C:\Users\talla"/>
    <property name="user.language" value="fr"/>
    <property name="java.specification.vendor" value="Oracle Corporation"/>
    <property name="java.version.date" value="2022-08-12"/>
    <property name="java.home" value="C:\Program Files\Eclipse Adoptium\jdk-17.0.4.101-hotspot"/>
    <property name="file.separator" value="\"/>
    <property name="basedir" value="C:\Users\talla\Music\formation kubernestes\ahmad\Fullmicroservice\E-commerce-app\services\customer"/>
    <property name="java.vm.compressedOopsMode" value="Zero based"/>
    <property name="line.separator" value="&#10;"/>
    <property name="java.vm.specification.vendor" value="Oracle Corporation"/>
    <property name="java.specification.name" value="Java Platform API Specification"/>
    <property name="FILE_LOG_CHARSET" value="windows-1252"/>
    <property name="java.awt.headless" value="true"/>
    <property name="surefire.real.class.path" value="C:\Users\talla\AppData\Local\Temp\surefire18240302445800424859\surefirebooter-20241027204815487_3.jar"/>
    <property name="user.script" value=""/>
    <property name="sun.management.compiler" value="HotSpot 64-Bit Tiered Compilers"/>
    <property name="java.runtime.version" value="17.0.4.1+1"/>
    <property name="user.name" value="talla"/>
    <property name="path.separator" value=";"/>
    <property name="os.version" value="10.0"/>
    <property name="java.runtime.name" value="OpenJDK Runtime Environment"/>
    <property name="file.encoding" value="Cp1252"/>
    <property name="java.vm.name" value="OpenJDK 64-Bit Server VM"/>
    <property name="java.vendor.version" value="Temurin-17.0.4.1+1"/>
    <property name="localRepository" value="C:\Users\talla\.m2\repository"/>
    <property name="java.vendor.url.bug" value="https://github.com/adoptium/adoptium-support/issues"/>
    <property name="java.io.tmpdir" value="C:\Users\talla\AppData\Local\Temp\"/>
    <property name="idea.version" value="2022.2.5"/>
    <property name="java.version" value="17.0.4.1"/>
    <property name="user.dir" value="C:\Users\talla\Music\formation kubernestes\ahmad\Fullmicroservice\E-commerce-app\services\customer"/>
    <property name="os.arch" value="amd64"/>
    <property name="java.vm.specification.name" value="Java Virtual Machine Specification"/>
    <property name="PID" value="2872"/>
    <property name="sun.os.patch.level" value=""/>
    <property name="CONSOLE_LOG_CHARSET" value="windows-1252"/>
    <property name="native.encoding" value="Cp1252"/>
    <property name="java.library.path" value="C:\Program Files\Eclipse Adoptium\jdk-17.0.4.101-hotspot\bin;C:\Windows\Sun\Java\bin;C:\Windows\system32;C:\Windows;C:\Program Files\Microsoft SDKs\Azure\CLI2\wbin;C:\Program Files\Common Files\Oracle\Java\javapath;C:\Program Files (x86)\VMware\VMware Workstation\bin\;C:\Program Files\Eclipse Adoptium\jdk-17.0.4.101-hotspot\bin;C:\Windows\system32;C:\Windows;C:\Windows\System32\Wbem;C:\Windows\System32\WindowsPowerShell\v1.0\;C:\Windows\System32\OpenSSH\;C:\Program Files\nodejs\;C:\Program Files\Git\cmd;C:\Program Files\Java\jdk-17\bin;C:\Users\talla\AppData\Local\Packages\PythonSoftwareFoundation.Python.3.11_qbz5n2kfra8p0\LocalCache\local-packages\Python311\Scripts;C:\Users\talla\Downloads\terraform_1.4.6_windows_amd64;C:\Program Files\Microsoft SQL Server\Client SDK\ODBC\170\Tools\Binn\;C:\Program Files\Microsoft SQL Server\150\Tools\Binn\;C:\Program Files (x86)\Microsoft SQL Server\160\Tools\Binn\;C:\Program Files\Microsoft SQL Server\160\Tools\Binn\;C:\Program Files\Microsoft SQL Server\160\DTS\Binn\;C:\Program Files (x86)\Microsoft SQL Server\160\DTS\Binn\;C:\Program Files\Azure Data Studio\bin;C:\Program Files\Microsoft SQL Server\140\DTS\Binn\;C:\Program Files\Microsoft SQL Server\150\DTS\Binn\;C:\Program Files\Microsoft SQL Server\130\DTS\Binn\;C:\Users\talla\anaconda3;C:\Program Files\MySQL\MySQL Server 8.2\bin;C:\Users\talla\anaconda3;C:\Program Files\Docker\Docker\resources\bin;$oldPath = [Environment]::GetEnvironmentVariable(&apos;Path&apos;, [EnvironmentVariableTarget]::Machine);C:\Program Files\Kubernetes\Minikube;C:\Program Files\Amazon\AWSCLIV2\;C:\ProgramData\apache-maven-3.9.8-bin\apache-maven-3.9.8\bin;C:\Program Files\Microsoft SQL Server Migration Assistant for Access\bin\;C:\Users\talla\AppData\Local\Microsoft\WindowsApps;C:\Users\talla\AppData\Local\Programs\Microsoft VS Code\bin;C:\Program Files\JetBrains\IntelliJ IDEA 2022.2.3\bin;;C:\Users\talla\AppData\Roaming\npm;C:\Program Files\Java\jdk-17\bin;C:\Users\talla\AppData\Local\Packages\PythonSoftwareFoundation.Python.3.11_qbz5n2kfra8p0\LocalCache\local-packages\Python311\Scripts;C:\Users\talla\Downloads\terraform_1.4.6_windows_amd64;C:\Program Files\Azure Data Studio\bin;C:\Users\talla\anaconda3;$oldPath = [Environment]::GetEnvironmentVariable(&apos;Path&apos;, [EnvironmentVariableTarget]::Machine);C:\ProgramData\apache-maven-3.9.8-bin\apache-maven-3.9.8\bin;;."/>
    <property name="java.vm.info" value="mixed mode, sharing"/>
    <property name="java.vendor" value="Eclipse Adoptium"/>
    <property name="java.vm.version" value="17.0.4.1+1"/>
    <property name="sun.io.unicode.encoding" value="UnicodeLittle"/>
    <property name="java.class.version" value="61.0"/>
    <property name="LOGGED_APPLICATION_NAME" value="[customer-service] "/>
  </properties>
  <testcase name="contextLoads" classname="com.tall.ecommerce.CustomerApplicationTests" time="2.009">
    <system-out><![CDATA[20:48:17.538 [main] INFO org.springframework.test.context.support.AnnotationConfigContextLoaderUtils -- Could not detect default configuration classes for test class [com.tall.ecommerce.CustomerApplicationTests]: CustomerApplicationTests does not declare any static, non-private, non-final, nested classes annotated with @Configuration.
20:48:17.756 [main] INFO org.springframework.boot.test.context.SpringBootTestContextBootstrapper -- Found @SpringBootConfiguration com.tall.ecommerce.CustomerApplication for test class com.tall.ecommerce.CustomerApplicationTests

  .   ____          _            __ _ _
 /\\ / ___'_ __ _ _(_)_ __  __ _ \ \ \ \
( ( )\___ | '_ | '_| | '_ \/ _` | \ \ \ \
 \\/  ___)| |_)| | | | | || (_| |  ) ) ) )
  '  |____| .__|_| |_|_| |_\__, | / / / /
 =========|_|==============|___/=/_/_/_/
 :: Spring Boot ::                (v3.2.7)

2024-10-27T20:48:22.297Z  INFO 2872 --- [customer-service] [           main] c.t.ecommerce.CustomerApplicationTests   : Starting CustomerApplicationTests using Java 17.0.4.1 with PID 2872 (started by talla in C:\Users\talla\Music\formation kubernestes\ahmad\Fullmicroservice\E-commerce-app\services\customer)
2024-10-27T20:48:22.301Z  INFO 2872 --- [customer-service] [           main] c.t.ecommerce.CustomerApplicationTests   : No active profile set, falling back to 1 default profile: "default"
2024-10-27T20:48:22.390Z  INFO 2872 --- [customer-service] [           main] o.s.c.c.c.ConfigServerConfigDataLoader   : Fetching config from server at : http://localhost:8888
2024-10-27T20:48:22.391Z  INFO 2872 --- [customer-service] [           main] o.s.c.c.c.ConfigServerConfigDataLoader   : Located environment: name=customer-service, profiles=[default], label=null, version=null, state=null
2024-10-27T20:48:24.246Z  INFO 2872 --- [customer-service] [           main] .s.d.r.c.RepositoryConfigurationDelegate : Bootstrapping Spring Data MongoDB repositories in DEFAULT mode.
2024-10-27T20:48:24.739Z  INFO 2872 --- [customer-service] [           main] .s.d.r.c.RepositoryConfigurationDelegate : Finished Spring Data repository scanning in 481 ms. Found 1 MongoDB repository interface.
2024-10-27T20:48:25.340Z  INFO 2872 --- [customer-service] [           main] o.s.cloud.context.scope.GenericScope     : BeanFactory id=ba3d1c51-3147-3da3-9893-a61518342137
2024-10-27T20:48:25.643Z  WARN 2872 --- [customer-service] [           main] trationDelegate$BeanPostProcessorChecker : Bean 'org.springframework.cloud.client.loadbalancer.LoadBalancerAutoConfiguration$DeferringLoadBalancerInterceptorConfig' of type [org.springframework.cloud.client.loadbalancer.LoadBalancerAutoConfiguration$DeferringLoadBalancerInterceptorConfig] is not eligible for getting processed by all BeanPostProcessors (for example: not eligible for auto-proxying). The currently created BeanPostProcessor [lbRestClientPostProcessor] is declared through a non-static factory method on that class; consider declaring it as static instead.
2024-10-27T20:48:25.647Z  WARN 2872 --- [customer-service] [           main] trationDelegate$BeanPostProcessorChecker : Bean 'deferringLoadBalancerInterceptor' of type [org.springframework.cloud.client.loadbalancer.DeferringLoadBalancerInterceptor] is not eligible for getting processed by all BeanPostProcessors (for example: not eligible for auto-proxying). Is this bean getting eagerly injected into a currently created BeanPostProcessor [lbRestClientPostProcessor]? Check the corresponding BeanPostProcessor declaration and its dependencies.
2024-10-27T20:48:26.541Z  INFO 2872 --- [customer-service] [           main] org.mongodb.driver.client                : MongoClient with metadata {"driver": {"name": "mongo-java-driver|sync|spring-boot", "version": "4.11.2"}, "os": {"type": "Windows", "name": "Windows 11", "architecture": "amd64", "version": "10.0"}, "platform": "Java/Eclipse Adoptium/17.0.4.1+1"} created with settings MongoClientSettings{readPreference=primary, writeConcern=WriteConcern{w=null, wTimeout=null ms, journal=null}, retryWrites=true, retryReads=true, readConcern=ReadConcern{level=null}, credential=MongoCredential{mechanism=null, userName='tall', source='admin', password=<hidden>, mechanismProperties=<hidden>}, transportSettings=null, streamFactoryFactory=null, commandListeners=[], codecRegistry=ProvidersCodecRegistry{codecProviders=[ValueCodecProvider{}, BsonValueCodecProvider{}, DBRefCodecProvider{}, DBObjectCodecProvider{}, DocumentCodecProvider{}, CollectionCodecProvider{}, IterableCodecProvider{}, MapCodecProvider{}, GeoJsonCodecProvider{}, GridFSFileCodecProvider{}, Jsr310CodecProvider{}, JsonObjectCodecProvider{}, BsonCodecProvider{}, EnumCodecProvider{}, com.mongodb.client.model.mql.ExpressionCodecProvider@749baa0c, com.mongodb.Jep395RecordCodecProvider@1b3bec6c, com.mongodb.KotlinCodecProvider@53f7a906]}, loggerSettings=LoggerSettings{maxDocumentLength=1000}, clusterSettings={hosts=[localhost:27017], srvServiceName=mongodb, mode=SINGLE, requiredClusterType=UNKNOWN, requiredReplicaSetName='null', serverSelector='null', clusterListeners='[]', serverSelectionTimeout='30000 ms', localThreshold='15 ms'}, socketSettings=SocketSettings{connectTimeoutMS=10000, readTimeoutMS=0, receiveBufferSize=0, proxySettings=ProxySettings{host=null, port=null, username=null, password=null}}, heartbeatSocketSettings=SocketSettings{connectTimeoutMS=10000, readTimeoutMS=10000, receiveBufferSize=0, proxySettings=ProxySettings{host=null, port=null, username=null, password=null}}, connectionPoolSettings=ConnectionPoolSettings{maxSize=100, minSize=0, maxWaitTimeMS=120000, maxConnectionLifeTimeMS=0, maxConnectionIdleTimeMS=0, maintenanceInitialDelayMS=0, maintenanceFrequencyMS=60000, connectionPoolListeners=[], maxConnecting=2}, serverSettings=ServerSettings{heartbeatFrequencyMS=10000, minHeartbeatFrequencyMS=500, serverListeners='[]', serverMonitorListeners='[]'}, sslSettings=SslSettings{enabled=false, invalidHostNameAllowed=false, context=null}, applicationName='null', compressorList=[], uuidRepresentation=JAVA_LEGACY, serverApi=null, autoEncryptionSettings=null, dnsClient=null, inetAddressResolver=null, contextProvider=null}
2024-10-27T20:48:26.586Z  INFO 2872 --- [customer-service] [localhost:27017] org.mongodb.driver.cluster               : Monitor thread successfully connected to server with description ServerDescription{address=localhost:27017, type=STANDALONE, state=CONNECTED, ok=true, minWireVersion=0, maxWireVersion=21, maxDocumentSize=16777216, logicalSessionTimeoutMinutes=30, roundTripTimeNanos=51459700}
2024-10-27T20:48:28.490Z  INFO 2872 --- [customer-service] [           main] o.s.cloud.commons.util.InetUtils         : Cannot determine local hostname
2024-10-27T20:48:32.441Z  INFO 2872 --- [customer-service] [           main] o.s.cloud.commons.util.InetUtils         : Cannot determine local hostname
2024-10-27T20:48:32.509Z  INFO 2872 --- [customer-service] [           main] DiscoveryClientOptionalArgsConfiguration : Eureka HTTP Client uses RestTemplate.
2024-10-27T20:48:32.632Z  WARN 2872 --- [customer-service] [           main] iguration$LoadBalancerCaffeineWarnLogger : Spring Cloud LoadBalancer is currently working with the default cache. While this cache implementation is useful for development and tests, it's recommended to use Caffeine cache in production.You can switch to using Caffeine cache, by adding it and org.springframework.cache.caffeine.CaffeineCacheManager to the classpath.
2024-10-27T20:48:32.716Z  INFO 2872 --- [customer-service] [           main] o.s.c.n.eureka.InstanceInfoFactory       : Setting initial instance status as: STARTING
2024-10-27T20:48:33.047Z  INFO 2872 --- [customer-service] [           main] com.netflix.discovery.DiscoveryClient    : Initializing Eureka in region us-east-1
2024-10-27T20:48:33.059Z  INFO 2872 --- [customer-service] [           main] c.n.d.s.r.aws.ConfigClusterResolver      : Resolving eureka endpoints via configuration
2024-10-27T20:48:33.176Z  INFO 2872 --- [customer-service] [           main] com.netflix.discovery.DiscoveryClient    : Disable delta property : false
2024-10-27T20:48:33.177Z  INFO 2872 --- [customer-service] [           main] com.netflix.discovery.DiscoveryClient    : Single vip registry refresh property : null
2024-10-27T20:48:33.178Z  INFO 2872 --- [customer-service] [           main] com.netflix.discovery.DiscoveryClient    : Force full registry fetch : false
2024-10-27T20:48:33.180Z  INFO 2872 --- [customer-service] [           main] com.netflix.discovery.DiscoveryClient    : Application is null : false
2024-10-27T20:48:33.182Z  INFO 2872 --- [customer-service] [           main] com.netflix.discovery.DiscoveryClient    : Registered Applications size is zero : true
2024-10-27T20:48:33.182Z  INFO 2872 --- [customer-service] [           main] com.netflix.discovery.DiscoveryClient    : Application version is -1: true
2024-10-27T20:48:33.183Z  INFO 2872 --- [customer-service] [           main] com.netflix.discovery.DiscoveryClient    : Getting all instance registry info from the eureka server
2024-10-27T20:48:34.384Z  INFO 2872 --- [customer-service] [           main] com.netflix.discovery.DiscoveryClient    : The response status is 200
2024-10-27T20:48:34.389Z  INFO 2872 --- [customer-service] [           main] com.netflix.discovery.DiscoveryClient    : Starting heartbeat executor: renew interval is: 30
2024-10-27T20:48:34.394Z  INFO 2872 --- [customer-service] [           main] c.n.discovery.InstanceInfoReplicator     : InstanceInfoReplicator onDemand update allowed rate per min is 4
2024-10-27T20:48:34.405Z  INFO 2872 --- [customer-service] [           main] com.netflix.discovery.DiscoveryClient    : Discovery Client initialized at timestamp 1730062114405 with initial instances count: 1
2024-10-27T20:48:34.409Z  INFO 2872 --- [customer-service] [           main] o.s.c.n.e.s.EurekaServiceRegistry        : Registering application CUSTOMER-SERVICE with eureka with status UP
2024-10-27T20:48:34.410Z  INFO 2872 --- [customer-service] [           main] com.netflix.discovery.DiscoveryClient    : Saw local status change event StatusChangeEvent [timestamp=1730062114410, current=UP, previous=STARTING]
2024-10-27T20:48:34.415Z  INFO 2872 --- [customer-service] [nfoReplicator-0] com.netflix.discovery.DiscoveryClient    : DiscoveryClient_CUSTOMER-SERVICE/localhost:customer-service:8090: registering service...
2024-10-27T20:48:34.464Z  INFO 2872 --- [customer-service] [           main] c.t.ecommerce.CustomerApplicationTests   : Started CustomerApplicationTests in 16.342 seconds (process running for 18.784)
2024-10-27T20:48:34.568Z  INFO 2872 --- [customer-service] [nfoReplicator-0] com.netflix.discovery.DiscoveryClient    : DiscoveryClient_CUSTOMER-SERVICE/localhost:customer-service:8090 - registration status: 204
]]></system-out>
  </testcase>
</testsuite>